
Showing logs for build [32mcb-kubecd-environment-pr-170-13-ww2wx-1[0m stage [32mfrom-build-pack[0m and container [32mstep-credential-initializer-jfcjg[0m
{"level":"warn","ts":1583181504.4143453,"logger":"fallback-logger","caller":"logging/config.go:69","msg":"Fetch GitHub commit ID from kodata failed: \"ref: refs/heads/0.8.0-**-support-backwards-incompats\" is not a valid GitHub commit ID"}
{"level":"info","ts":1583181504.4154825,"logger":"fallback-logger","caller":"creds-init/main.go:40","msg":"Credentials initialized."}

Showing logs for build [32mcb-kubecd-environment-pr-170-13-ww2wx-1[0m stage [32mfrom-build-pack[0m and container [32mstep-working-dir-initializer-j6zq8[0m
{"level":"warn","ts":1583181505.8248663,"logger":"fallback-logger","caller":"logging/config.go:69","msg":"Fetch GitHub commit ID from kodata failed: open /var/run/ko/HEAD: no such file or directory"}
{"level":"info","ts":1583181505.8267395,"logger":"fallback-logger","caller":"bash/main.go:64","msg":"Successfully executed command \"sh -c mkdir -p /workspace/source\"; output "}

Showing logs for build [32mcb-kubecd-environment-pr-170-13-ww2wx-1[0m stage [32mfrom-build-pack[0m and container [32mstep-place-tools[0m

Showing logs for build [32mcb-kubecd-environment-pr-170-13-ww2wx-1[0m stage [32mfrom-build-pack[0m and container [32mstep-git-source-cb-kubecd-environment-pr-170-13-ww2wx-gw6gd[0m
{"level":"warn","ts":1583181509.9323726,"logger":"fallback-logger","caller":"logging/config.go:69","msg":"Fetch GitHub commit ID from kodata failed: \"ref: refs/heads/0.8.0-**-support-backwards-incompats\" is not a valid GitHub commit ID"}
{"level":"info","ts":1583181510.9795094,"logger":"fallback-logger","caller":"git/git.go:103","msg":"Successfully cloned https://github.com/cb-kubecd/environment-pr-170-133-boot-gke-production.git @ master in path /workspace/source"}

Showing logs for build [32mcb-kubecd-environment-pr-170-13-ww2wx-1[0m stage [32mfrom-build-pack[0m and container [32mstep-git-merge[0m
Using SHAs from PULL_REFS=master:d4e1a307fca6ae7fda95956eeaf0487d62e9ec3d,1:95bc88525510df8257f71abd2b0ab0d99923b942
DEBUG: LC_ALL=C JX_LOG_LEVEL=error git fetch origin --unshallow 95bc88525510df8257f71abd2b0ab0d99923b942: d4e1a307fca6ae7fda95956eeaf0487d62e9ec3d:
DEBUG: ran git fetch --unshallow origin 95bc88525510df8257f71abd2b0ab0d99923b942: d4e1a307fca6ae7fda95956eeaf0487d62e9ec3d: in 
DEBUG: LC_ALL=C JX_LOG_LEVEL=error git branch
DEBUG: LC_ALL=C JX_LOG_LEVEL=error git checkout master
DEBUG: ran git checkout master in 
DEBUG: LC_ALL=C JX_LOG_LEVEL=error git reset --hard d4e1a307fca6ae7fda95956eeaf0487d62e9ec3d
DEBUG: ran git reset --hard d4e1a307fca6ae7fda95956eeaf0487d62e9ec3d in 
DEBUG: JX_LOG_LEVEL=error LC_ALL=C git clean -fd .
DEBUG: ran clean --force -d . in 
DEBUG: LC_ALL=C JX_LOG_LEVEL=error git merge 95bc88525510df8257f71abd2b0ab0d99923b942
DEBUG: ran git merge 95bc88525510df8257f71abd2b0ab0d99923b942 in 
DEBUG: LC_ALL=C JX_LOG_LEVEL=error git log --format=%H%x1f%an%x1f%ae%x1f%cn%x1f%ce%x1f%s%n%b%x1e d4e1a307fca6ae7fda95956eeaf0487d62e9ec3d..HEAD
Merged SHA 95bc88525510df8257f71abd2b0ab0d99923b942 with commit message 'chore: Promote bdd-spring-1583180759 to version 0.0.1' into base branch master

Showing logs for build [32mcb-kubecd-environment-pr-170-13-ww2wx-1[0m stage [32mfrom-build-pack[0m and container [32mstep-build-helm-build[0m
WARNING: No $CHART_REPOSITORY defined so using the default value of: http://jenkins-x-chartmuseum:8080
Adding missing Helm repo: storage.googleapis.com https://storage.googleapis.com/chartmuseum.jenkins-x.io
WARNING: No secrets found on "helm/repos" due: reading the secret "helm/repos" from vault: no secret "helm/repos" not found in vault
Read credentials for https://storage.googleapis.com/chartmuseum.jenkins-x.io from vault helm/repos
Successfully added Helm repository storage.googleapis.com.
Adding missing Helm repo: jenkins-x-chartmuseum http://jenkins-x-chartmuseum:8080
WARNING: No secrets found on "helm/repos" due: reading the secret "helm/repos" from vault: no secret "helm/repos" not found in vault
Read credentials for http://jenkins-x-chartmuseum:8080 from vault helm/repos
Successfully added Helm repository jenkins-x-chartmuseum.
WARNING: No $CHART_REPOSITORY defined so using the default value of: http://jenkins-x-chartmuseum:8080
Adding missing Helm repo: chartmuseum.jenkins-x.io http://chartmuseum.jenkins-x.io
WARNING: No secrets found on "helm/repos" due: reading the secret "helm/repos" from vault: no secret "helm/repos" not found in vault
Read credentials for http://chartmuseum.jenkins-x.io from vault helm/repos
Successfully added Helm repository chartmuseum.jenkins-x.io.
